#-----------------------------------------------------------
# Vivado v2020.1 (64-bit)
# SW Build 2902540 on Wed May 27 19:54:49 MDT 2020
# IP Build 2902112 on Wed May 27 22:43:36 MDT 2020
# Start of session at: Thu Nov  2 18:18:05 2023
# Process ID: 19064
# Current directory: d:/CPU_design/lab/lab3/BRAM_0_ex
# Command line: vivado.exe -notrace -source d:/CPU_design/lab/lab3/cache_test/cache_test.srcs/sources_1/ip/BRAM_0/BRAM_0_ex.tcl
# Log file: d:/CPU_design/lab/lab3/BRAM_0_ex/vivado.log
# Journal file: d:/CPU_design/lab/lab3/BRAM_0_ex\vivado.jou
#-----------------------------------------------------------
start_gui
source d:/CPU_design/lab/lab3/cache_test/cache_test.srcs/sources_1/ip/BRAM_0/BRAM_0_ex.tcl -notrace
INFO: [open_example_project] Creating new example project...
INFO: [Common 17-41] Interrupt caught. Command should exit soon.
INFO: [IP_Flow 19-234] Refreshing IP repositories
INFO: [IP_Flow 19-1704] No user IP repositories specified
INFO: [IP_Flow 19-2338] Canceling the changes to the IP catalog. Reverting the catalog back to its previous state.
INFO: [IP_Flow 19-2340] The IP catalog has been returned to its previous state.
INFO: [Common 17-344] 'source' was cancelled
INFO: [IP_Flow 19-234] Refreshing IP repositories
INFO: [IP_Flow 19-1704] No user IP repositories specified
INFO: [IP_Flow 19-2313] Loaded Vivado IP repository 'D:/xilinx/Vivado/2020.1/data/ip'.
exit
INFO: [Common 17-206] Exiting Vivado at Thu Nov  2 18:18:26 2023...
