#-----------------------------------------------------------
# Vivado v2020.1 (64-bit)
# SW Build 2902540 on Wed May 27 19:54:49 MDT 2020
# IP Build 2902112 on Wed May 27 22:43:36 MDT 2020
# Start of session at: Fri Sep 15 00:27:09 2023
# Process ID: 5564
# Current directory: D:/CPU_design/lab3/RAM
# Command line: vivado.exe -gui_launcher_event rodinguilauncherevent9616 D:\CPU_design\lab3\RAM\RAM.xpr
# Log file: D:/CPU_design/lab3/RAM/vivado.log
# Journal file: D:/CPU_design/lab3/RAM\vivado.jou
#-----------------------------------------------------------
start_gui
open_project D:/CPU_design/lab3/RAM/RAM.xpr
INFO: [Project 1-313] Project file moved from 'D:/CPU_design/lab34/lab_3_4' since last save.
CRITICAL WARNING: [Project 1-311] Could not find the file 'D:/CPU_design/lab3/RAM/RAM.srcs/sources_1/new/ConJUMP.v', nor could it be found using path 'D:/CPU_design/lab34/lab_3_4/lab_3_4.srcs/sources_1/new/ConJUMP.v'.
CRITICAL WARNING: [Project 1-311] Could not find the file 'D:/CPU_design/lab3/RAM/RAM.srcs/sources_1/new/ConUnit.v', nor could it be found using path 'D:/CPU_design/lab34/lab_3_4/lab_3_4.srcs/sources_1/new/ConUnit.v'.
CRITICAL WARNING: [Project 1-311] Could not find the file 'D:/CPU_design/lab3/RAM/RAM.srcs/sources_1/new/DRAM_top.v', nor could it be found using path 'D:/CPU_design/lab34/lab_3_4/lab_3_4.srcs/sources_1/new/DRAM_top.v'.
CRITICAL WARNING: [Project 1-311] Could not find the file 'D:/CPU_design/lab3/RAM/RAM.srcs/sources_1/new/MUX2X5.v', nor could it be found using path 'D:/CPU_design/lab34/lab_3_4/lab_3_4.srcs/sources_1/new/MUX2X5.v'.
CRITICAL WARNING: [Project 1-311] Could not find the file 'D:/CPU_design/lab3/RAM/RAM.srcs/sources_1/new/MUX4X32.v', nor could it be found using path 'D:/CPU_design/lab34/lab_3_4/lab_3_4.srcs/sources_1/new/MUX4X32.v'.
CRITICAL WARNING: [Project 1-311] Could not find the file 'D:/CPU_design/lab3/RAM/RAM.srcs/sources_1/new/PC_ALU.v', nor could it be found using path 'D:/CPU_design/lab34/lab_3_4/lab_3_4.srcs/sources_1/new/PC_ALU.v'.
CRITICAL WARNING: [Project 1-311] Could not find the file 'D:/CPU_design/lab3/RAM/RAM.srcs/sources_1/new/PC_updater.v', nor could it be found using path 'D:/CPU_design/lab34/lab_3_4/lab_3_4.srcs/sources_1/new/PC_updater.v'.
CRITICAL WARNING: [Project 1-311] Could not find the file 'D:/CPU_design/lab3/RAM/RAM.srcs/sources_1/new/cpu.v', nor could it be found using path 'D:/CPU_design/lab34/lab_3_4/lab_3_4.srcs/sources_1/new/cpu.v'.
CRITICAL WARNING: [Project 1-311] Could not find the file 'D:/CPU_design/lab3/RAM/RAM.srcs/sources_1/new/entend5to32.v', nor could it be found using path 'D:/CPU_design/lab34/lab_3_4/lab_3_4.srcs/sources_1/new/entend5to32.v'.
CRITICAL WARNING: [Project 1-311] Could not find the file 'D:/CPU_design/lab3/RAM/RAM.srcs/sources_1/new/extend16to32.v', nor could it be found using path 'D:/CPU_design/lab34/lab_3_4/lab_3_4.srcs/sources_1/new/extend16to32.v'.
CRITICAL WARNING: [Project 1-311] Could not find the file 'D:/CPU_design/lab3/RAM/RAM.srcs/sources_1/new/noConJUMP.v', nor could it be found using path 'D:/CPU_design/lab34/lab_3_4/lab_3_4.srcs/sources_1/new/noConJUMP.v'.
CRITICAL WARNING: [Project 1-311] Could not find the file 'D:/CPU_design/lab3/RAM/RAM.srcs/sources_1/new/pcadder.v', nor could it be found using path 'D:/CPU_design/lab34/lab_3_4/lab_3_4.srcs/sources_1/new/pcadder.v'.
CRITICAL WARNING: [Project 1-19] Could not find the file 'D:/CPU_design/lab_4/lab_4/lab_4.srcs/sources_1/new/cpu_top.v'.
CRITICAL WARNING: [Project 1-311] Could not find the file 'D:/CPU_design/lab3/RAM/RAM.srcs/sources_1/new/CU.v', nor could it be found using path 'D:/CPU_design/lab34/lab_3_4/lab_3_4.srcs/sources_1/new/CU.v'.
CRITICAL WARNING: [Project 1-311] Could not find the file 'D:/CPU_design/lab3/data_ram_tb.v', nor could it be found using path 'D:/CPU_design/lab34/data_ram_tb.v'.
Scanning sources...
Finished scanning sources
INFO: [IP_Flow 19-234] Refreshing IP repositories
INFO: [IP_Flow 19-1704] No user IP repositories specified
INFO: [IP_Flow 19-2313] Loaded Vivado IP repository 'D:/xilinx/Vivado/2020.1/data/ip'.
open_project: Time (s): cpu = 00:00:05 ; elapsed = 00:00:10 . Memory (MB): peak = 1036.059 ; gain = 0.000
update_compile_order -fileset sources_1
update_compile_order -fileset sim_2
export_ip_user_files -of_objects  [get_files D:/CPU_design/lab3/RAM/RAM.srcs/sources_1/new/ConJUMP.v] -no_script -reset -force -quiet
remove_files  D:/CPU_design/lab3/RAM/RAM.srcs/sources_1/new/ConJUMP.v
remove_files  D:/CPU_design/lab3/RAM/RAM.srcs/sources_1/new/ConJUMP.v
WARNING: [Vivado 12-818] No files matched 'D:/CPU_design/lab3/RAM/RAM.srcs/sources_1/new/ConJUMP.v'
export_ip_user_files -of_objects  [get_files D:/CPU_design/lab3/RAM/RAM.srcs/sources_1/new/ConUnit.v] -no_script -reset -force -quiet
remove_files  D:/CPU_design/lab3/RAM/RAM.srcs/sources_1/new/ConUnit.v
export_ip_user_files -of_objects  [get_files D:/CPU_design/lab3/RAM/RAM.srcs/sources_1/new/DRAM_top.v] -no_script -reset -force -quiet
remove_files  D:/CPU_design/lab3/RAM/RAM.srcs/sources_1/new/DRAM_top.v
export_ip_user_files -of_objects  [get_files D:/CPU_design/lab3/RAM/RAM.srcs/sources_1/new/MUX2X5.v] -no_script -reset -force -quiet
remove_files  D:/CPU_design/lab3/RAM/RAM.srcs/sources_1/new/MUX2X5.v
remove_files  D:/CPU_design/lab3/RAM/RAM.srcs/sources_1/new/DRAM_top.v
WARNING: [Vivado 12-818] No files matched 'D:/CPU_design/lab3/RAM/RAM.srcs/sources_1/new/DRAM_top.v'
set_property top ram_top [get_filesets sim_2]
update_compile_order -fileset sim_2
current_fileset -simset [ get_filesets sim_2 ]
import_files
INFO: [filemgmt 20-348] Importing the appropriate files for fileset: 'sim_2'
WARNING: [filemgmt 20-342] File / dir doesn't exist, skipping: D:/CPU_design/lab3/data_ram_tb.v
INFO: [filemgmt 20-348] Importing the appropriate files for fileset: 'sim_3'
INFO: [filemgmt 20-348] Importing the appropriate files for fileset: 'sources_1'
WARNING: [filemgmt 20-342] File / dir doesn't exist, skipping: D:/CPU_design/lab_4/lab_4/lab_4.srcs/sources_1/new/cpu_top.v
export_ip_user_files -of_objects  [get_files D:/CPU_design/lab3/RAM/RAM.srcs/sources_1/imports/CPU_design/lab2/alu/alu.srcs/sources_1/new/XNOR.v] -no_script -reset -force -quiet
remove_files  D:/CPU_design/lab3/RAM/RAM.srcs/sources_1/imports/CPU_design/lab2/alu/alu.srcs/sources_1/new/XNOR.v
export_ip_user_files -of_objects  [get_files D:/CPU_design/lab3/RAM/RAM.srcs/sources_1/imports/CPU_design/lab2/alu/alu.srcs/sources_1/new/OR.v] -no_script -reset -force -quiet
remove_files  D:/CPU_design/lab3/RAM/RAM.srcs/sources_1/imports/CPU_design/lab2/alu/alu.srcs/sources_1/new/OR.v
export_ip_user_files -of_objects  [get_files D:/CPU_design/lab3/RAM/RAM.srcs/sources_1/imports/CPU_design/lab2/alu/alu.srcs/sources_1/new/NOT.v] -no_script -reset -force -quiet
remove_files  D:/CPU_design/lab3/RAM/RAM.srcs/sources_1/imports/CPU_design/lab2/alu/alu.srcs/sources_1/new/NOT.v
export_ip_user_files -of_objects  [get_files D:/CPU_design/lab3/RAM/RAM.srcs/sources_1/imports/CPU_design/lab2/alu/alu.srcs/sources_1/new/XOR.v] -no_script -reset -force -quiet
remove_files  D:/CPU_design/lab3/RAM/RAM.srcs/sources_1/imports/CPU_design/lab2/alu/alu.srcs/sources_1/new/XOR.v
export_ip_user_files -of_objects  [get_files D:/CPU_design/lab3/RAM/RAM.srcs/sources_1/imports/CPU_design/lab2/alu/alu.srcs/sources_1/new/AND.v] -no_script -reset -force -quiet
remove_files  D:/CPU_design/lab3/RAM/RAM.srcs/sources_1/imports/CPU_design/lab2/alu/alu.srcs/sources_1/new/AND.v
export_ip_user_files -of_objects  [get_files D:/CPU_design/lab3/RAM/RAM.srcs/sources_1/imports/CPU_design/lab3/registers/registers.srcs/sources_1/new/regfile.v] -no_script -reset -force -quiet
remove_files  D:/CPU_design/lab3/RAM/RAM.srcs/sources_1/imports/CPU_design/lab3/registers/registers.srcs/sources_1/new/regfile.v
export_ip_user_files -of_objects  [get_files D:/CPU_design/lab3/RAM/RAM.srcs/sources_1/new/MUX2.v] -no_script -reset -force -quiet
remove_files  D:/CPU_design/lab3/RAM/RAM.srcs/sources_1/new/MUX2.v
export_ip_user_files -of_objects  [get_files D:/CPU_design/lab3/RAM/RAM.srcs/sources_1/new/IRAM_top.v] -no_script -reset -force -quiet
remove_files  D:/CPU_design/lab3/RAM/RAM.srcs/sources_1/new/IRAM_top.v
export_ip_user_files -of_objects  [get_files D:/CPU_design/lab3/RAM/RAM.srcs/sources_1/imports/lab2/alu/alu.srcs/sources_1/new/sub1.v] -no_script -reset -force -quiet
remove_files  D:/CPU_design/lab3/RAM/RAM.srcs/sources_1/imports/lab2/alu/alu.srcs/sources_1/new/sub1.v
export_ip_user_files -of_objects  [get_files D:/CPU_design/lab3/RAM/RAM.srcs/sources_1/imports/lab2/add/add.srcs/sources_1/new/add.v] -no_script -reset -force -quiet
remove_files  D:/CPU_design/lab3/RAM/RAM.srcs/sources_1/imports/lab2/add/add.srcs/sources_1/new/add.v
export_ip_user_files -of_objects  [get_files D:/CPU_design/lab3/RAM/RAM.srcs/sources_1/imports/lab2/alu/alu.srcs/sources_1/new/adder_32.v] -no_script -reset -force -quiet
remove_files  D:/CPU_design/lab3/RAM/RAM.srcs/sources_1/imports/lab2/alu/alu.srcs/sources_1/new/adder_32.v
export_ip_user_files -of_objects  [get_files D:/CPU_design/lab3/RAM/RAM.srcs/sources_1/imports/lab2/alu/alu.srcs/sources_1/new/CLA_16.v] -no_script -reset -force -quiet
remove_files  D:/CPU_design/lab3/RAM/RAM.srcs/sources_1/imports/lab2/alu/alu.srcs/sources_1/new/CLA_16.v
export_ip_user_files -of_objects  [get_files D:/CPU_design/lab3/RAM/RAM.srcs/sources_1/imports/lab2/alu/alu.srcs/sources_1/new/add_4.v] -no_script -reset -force -quiet
remove_files  D:/CPU_design/lab3/RAM/RAM.srcs/sources_1/imports/lab2/alu/alu.srcs/sources_1/new/add_4.v
export_ip_user_files -of_objects  [get_files D:/CPU_design/lab3/RAM/RAM.srcs/sources_1/imports/lab2/alu/alu.srcs/sources_1/new/CLA.v] -no_script -reset -force -quiet
remove_files  D:/CPU_design/lab3/RAM/RAM.srcs/sources_1/imports/lab2/alu/alu.srcs/sources_1/new/CLA.v
export_ip_user_files -of_objects  [get_files D:/CPU_design/lab3/RAM/RAM.srcs/sources_1/imports/lab2/alu/alu.srcs/sources_1/new/adder.v] -no_script -reset -force -quiet
remove_files  D:/CPU_design/lab3/RAM/RAM.srcs/sources_1/imports/lab2/alu/alu.srcs/sources_1/new/adder.v
launch_simulation -simset [get_filesets sim_2 ]
Command: launch_simulation -simset sim_2
INFO: [Vivado 12-5698] Checking validity of IPs in the design for the 'XSim' simulator...
INFO: [Vivado 12-5682] Launching behavioral simulation in 'D:/CPU_design/lab3/RAM/RAM.sim/sim_2/behav/xsim'
INFO: [Vivado 12-4795] Using compiled simulation libraries for IPs
INFO: [SIM-utils-51] Simulation object is 'sim_2'
INFO: [USF-XSim-7] Finding pre-compiled libraries...
INFO: [USF-XSim-11] File 'D:/xilinx/Vivado/2020.1/data/xsim/xsim.ini' copied to run dir:'D:/CPU_design/lab3/RAM/RAM.sim/sim_2/behav/xsim'
INFO: [SIM-utils-54] Inspecting design source files for 'ram_top' in fileset 'sim_2'...
INFO: [USF-XSim-97] Finding global include files...
INFO: [USF-XSim-98] Fetching design files from 'sim_2'...
INFO: [USF-XSim-2] XSim::Compile design
INFO: [USF-XSim-61] Executing 'COMPILE and ANALYZE' step in 'D:/CPU_design/lab3/RAM/RAM.sim/sim_2/behav/xsim'
"xvlog --incr --relax -prj ram_top_vlog.prj"
INFO: [VRFC 10-2263] Analyzing Verilog file "D:/CPU_design/lab3/RAM/RAM.srcs/sources_1/ip/block_ram/sim/block_ram.v" into library xil_defaultlib
INFO: [VRFC 10-311] analyzing module block_ram
INFO: [VRFC 10-2263] Analyzing Verilog file "D:/CPU_design/lab3/RAM/RAM.srcs/sources_1/new/ram_top.v" into library xil_defaultlib
INFO: [VRFC 10-311] analyzing module ram_top
INFO: [VRFC 10-2263] Analyzing Verilog file "D:/CPU_design/lab3/RAM/RAM.sim/sim_2/behav/xsim/glbl.v" into library xil_defaultlib
INFO: [VRFC 10-311] analyzing module glbl
INFO: [USF-XSim-69] 'compile' step finished in '2' seconds
INFO: [USF-XSim-3] XSim::Elaborate design
INFO: [USF-XSim-61] Executing 'ELABORATE' step in 'D:/CPU_design/lab3/RAM/RAM.sim/sim_2/behav/xsim'
"xelab -wto 02dcd5e4dcee437db679e9c19484be47 --incr --debug typical --relax --mt 2 -L blk_mem_gen_v8_4_4 -L xil_defaultlib -L unisims_ver -L unimacro_ver -L secureip -L xpm --snapshot ram_top_behav xil_defaultlib.ram_top xil_defaultlib.glbl -log elaborate.log"
Vivado Simulator 2020.1
Copyright 1986-1999, 2001-2020 Xilinx, Inc. All Rights Reserved.
Running: D:/xilinx/Vivado/2020.1/bin/unwrapped/win64.o/xelab.exe -wto 02dcd5e4dcee437db679e9c19484be47 --incr --debug typical --relax --mt 2 -L blk_mem_gen_v8_4_4 -L xil_defaultlib -L unisims_ver -L unimacro_ver -L secureip -L xpm --snapshot ram_top_behav xil_defaultlib.ram_top xil_defaultlib.glbl -log elaborate.log 
Using 2 slave threads.
Starting static elaboration
Pass Through NonSizing Optimizer
Completed static elaboration
Starting simulation data flow analysis
Completed simulation data flow analysis
Time Resolution for simulation is 1ps
Compiling module blk_mem_gen_v8_4_4.blk_mem_gen_v8_4_4_output_stage(...
Compiling module blk_mem_gen_v8_4_4.blk_mem_gen_v8_4_4_softecc_outpu...
Compiling module blk_mem_gen_v8_4_4.blk_mem_gen_v8_4_4_mem_module(C_...
Compiling module blk_mem_gen_v8_4_4.blk_mem_gen_v8_4_4(C_FAMILY="art...
Compiling module xil_defaultlib.block_ram
Compiling module xil_defaultlib.ram_top
Compiling module xil_defaultlib.glbl
Built simulation snapshot ram_top_behav

****** Webtalk v2020.1 (64-bit)
  **** SW Build 2902540 on Wed May 27 19:54:49 MDT 2020
  **** IP Build 2902112 on Wed May 27 22:43:36 MDT 2020
    ** Copyright 1986-2020 Xilinx, Inc. All Rights Reserved.

source D:/CPU_design/lab3/RAM/RAM.sim/sim_2/behav/xsim/xsim.dir/ram_top_behav/webtalk/xsim_webtalk.tcl -notrace
INFO: [Common 17-206] Exiting Webtalk at Fri Sep 15 00:32:09 2023...
run_program: Time (s): cpu = 00:00:00 ; elapsed = 00:00:09 . Memory (MB): peak = 1036.059 ; gain = 0.000
INFO: [USF-XSim-69] 'elaborate' step finished in '9' seconds
INFO: [USF-XSim-4] XSim::Simulate design
INFO: [USF-XSim-61] Executing 'SIMULATE' step in 'D:/CPU_design/lab3/RAM/RAM.sim/sim_2/behav/xsim'
INFO: [USF-XSim-98] *** Running xsim
   with args "ram_top_behav -key {Behavioral:sim_2:Functional:ram_top} -tclbatch {ram_top.tcl} -log {simulate.log}"
INFO: [USF-XSim-8] Loading simulator feature
Vivado Simulator 2020.1
Time resolution is 1 ps
source ram_top.tcl
# set curr_wave [current_wave_config]
# if { [string length $curr_wave] == 0 } {
#   if { [llength [get_objects]] > 0} {
#     add_wave /
#     set_property needs_save false [current_wave_config]
#   } else {
#      send_msg_id Add_Wave-1 WARNING "No top level signals found. Simulator will start without a wave window. If you want to open a wave window go to 'File->New Waveform Configuration' or type 'create_wave_config' in the TCL console."
#   }
# }
# run 1000ns
Block Memory Generator module ram_top.block_ram.inst.\native_mem_module.blk_mem_gen_v8_4_4_inst  is using a behavioral model for simulation which will not precisely model memory collision behavior.
INFO: [USF-XSim-96] XSim completed. Design snapshot 'ram_top_behav' loaded.
INFO: [USF-XSim-97] XSim simulation ran for 1000ns
launch_simulation: Time (s): cpu = 00:00:02 ; elapsed = 00:00:19 . Memory (MB): peak = 1036.059 ; gain = 0.000
close_sim
INFO: [Simtcl 6-16] Simulation closed
close_sim: Time (s): cpu = 00:00:01 ; elapsed = 00:00:07 . Memory (MB): peak = 1036.059 ; gain = 0.000
exit
INFO: [Common 17-206] Exiting Vivado at Fri Sep 15 00:32:45 2023...
