#-----------------------------------------------------------
# Vivado v2020.1 (64-bit)
# SW Build 2902540 on Wed May 27 19:54:49 MDT 2020
# IP Build 2902112 on Wed May 27 22:43:36 MDT 2020
# Start of session at: Fri Sep 15 00:04:04 2023
# Process ID: 11192
# Current directory: D:/CPU_design/lab4/lab_4
# Command line: vivado.exe -gui_launcher_event rodinguilauncherevent12156 D:\CPU_design\lab4\lab_4\lab_4.xpr
# Log file: D:/CPU_design/lab4/lab_4/vivado.log
# Journal file: D:/CPU_design/lab4/lab_4\vivado.jou
#-----------------------------------------------------------
start_gui
open_project D:/CPU_design/lab4/lab_4/lab_4.xpr
INFO: [Project 1-313] Project file moved from 'D:/CPU_design/lab_4/lab_4' since last save.
Scanning sources...
Finished scanning sources
INFO: [IP_Flow 19-234] Refreshing IP repositories
INFO: [IP_Flow 19-1704] No user IP repositories specified
INFO: [IP_Flow 19-2313] Loaded Vivado IP repository 'D:/xilinx/Vivado/2020.1/data/ip'.
open_project: Time (s): cpu = 00:00:13 ; elapsed = 00:00:07 . Memory (MB): peak = 1035.176 ; gain = 0.000
update_compile_order -fileset sources_1
launch_simulation
Command: launch_simulation 
INFO: [Vivado 12-5682] Launching behavioral simulation in 'D:/CPU_design/lab4/lab_4/lab_4.sim/sim_1/behav/xsim'
INFO: [SIM-utils-51] Simulation object is 'sim_1'
INFO: [SIM-utils-54] Inspecting design source files for 'cpu_tb' in fileset 'sim_1'...
INFO: [USF-XSim-97] Finding global include files...
INFO: [USF-XSim-98] Fetching design files from 'sim_1'...
INFO: [USF-XSim-2] XSim::Compile design
INFO: [USF-XSim-61] Executing 'COMPILE and ANALYZE' step in 'D:/CPU_design/lab4/lab_4/lab_4.sim/sim_1/behav/xsim'
"xvlog --incr --relax -prj cpu_tb_vlog.prj"
INFO: [VRFC 10-2263] Analyzing Verilog file "D:/CPU_design/lab4/lab_4/lab_4.srcs/sources_1/new/AND.v" into library xil_defaultlib
INFO: [VRFC 10-311] analyzing module AND
INFO: [VRFC 10-2263] Analyzing Verilog file "D:/CPU_design/lab4/lab_4/lab_4.srcs/sources_1/new/CLA.v" into library xil_defaultlib
INFO: [VRFC 10-311] analyzing module CLA
INFO: [VRFC 10-2263] Analyzing Verilog file "D:/CPU_design/lab4/lab_4/lab_4.srcs/sources_1/new/CLA_16.v" into library xil_defaultlib
INFO: [VRFC 10-311] analyzing module CLA_16
INFO: [VRFC 10-2263] Analyzing Verilog file "D:/CPU_design/lab4/lab_4/lab_4.srcs/sources_1/new/ConJUMP.v" into library xil_defaultlib
INFO: [VRFC 10-311] analyzing module ConJUMP
INFO: [VRFC 10-2263] Analyzing Verilog file "D:/CPU_design/lab4/lab_4/lab_4.srcs/sources_1/new/ConUnit.v" into library xil_defaultlib
INFO: [VRFC 10-311] analyzing module ConUnit
INFO: [VRFC 10-2263] Analyzing Verilog file "D:/CPU_design/lab4/lab_4/lab_4.srcs/sources_1/new/DRAM_top.v" into library xil_defaultlib
INFO: [VRFC 10-311] analyzing module DRAM_top
INFO: [VRFC 10-2263] Analyzing Verilog file "D:/CPU_design/lab4/lab_4/lab_4.srcs/sources_1/new/IRAM_top.v" into library xil_defaultlib
INFO: [VRFC 10-311] analyzing module IRAM_top
INFO: [VRFC 10-2263] Analyzing Verilog file "D:/CPU_design/lab4/lab_4/lab_4.srcs/sources_1/new/MUX2.v" into library xil_defaultlib
INFO: [VRFC 10-311] analyzing module MUX2X32
INFO: [VRFC 10-2263] Analyzing Verilog file "D:/CPU_design/lab4/lab_4/lab_4.srcs/sources_1/new/MUX2X5.v" into library xil_defaultlib
INFO: [VRFC 10-311] analyzing module MUX2X5
INFO: [VRFC 10-2263] Analyzing Verilog file "D:/CPU_design/lab4/lab_4/lab_4.srcs/sources_1/new/MUX4X32.v" into library xil_defaultlib
INFO: [VRFC 10-311] analyzing module MUX3X32
INFO: [VRFC 10-2263] Analyzing Verilog file "D:/CPU_design/lab4/lab_4/lab_4.srcs/sources_1/new/OR.v" into library xil_defaultlib
INFO: [VRFC 10-311] analyzing module OR
INFO: [VRFC 10-2263] Analyzing Verilog file "D:/CPU_design/lab4/lab_4/lab_4.srcs/sources_1/new/PC_ALU.v" into library xil_defaultlib
INFO: [VRFC 10-311] analyzing module CPU_ALU
INFO: [VRFC 10-2263] Analyzing Verilog file "D:/CPU_design/lab4/lab_4/lab_4.srcs/sources_1/new/PC_updater.v" into library xil_defaultlib
INFO: [VRFC 10-311] analyzing module PC_updater
INFO: [VRFC 10-2263] Analyzing Verilog file "D:/CPU_design/lab4/lab_4/lab_4.srcs/sources_1/new/XOR.v" into library xil_defaultlib
INFO: [VRFC 10-311] analyzing module XOR
INFO: [VRFC 10-2263] Analyzing Verilog file "D:/CPU_design/lab4/lab_4/lab_4.srcs/sources_1/new/add_4.v" into library xil_defaultlib
INFO: [VRFC 10-311] analyzing module adder_4
INFO: [VRFC 10-2263] Analyzing Verilog file "D:/CPU_design/lab4/lab_4/lab_4.srcs/sources_1/new/adder.v" into library xil_defaultlib
INFO: [VRFC 10-311] analyzing module adder
INFO: [VRFC 10-2263] Analyzing Verilog file "D:/CPU_design/lab4/lab_4/lab_4.srcs/sources_1/new/adder_32.v" into library xil_defaultlib
INFO: [VRFC 10-311] analyzing module adder32
INFO: [VRFC 10-2263] Analyzing Verilog file "D:/CPU_design/lab4/lab_4/lab_4.srcs/sources_1/new/cpu.v" into library xil_defaultlib
INFO: [VRFC 10-311] analyzing module cpu
INFO: [VRFC 10-2263] Analyzing Verilog file "D:/CPU_design/lab4/lab_4/lab_4.srcs/sources_1/new/cpu_top.v" into library xil_defaultlib
INFO: [VRFC 10-311] analyzing module cpu_top
INFO: [VRFC 10-2263] Analyzing Verilog file "D:/CPU_design/lab4/lab_4/lab_4.srcs/sources_1/new/entend5to32.v" into library xil_defaultlib
INFO: [VRFC 10-311] analyzing module extend5to32
INFO: [VRFC 10-2263] Analyzing Verilog file "D:/CPU_design/lab4/lab_4/lab_4.srcs/sources_1/new/extend16to32.v" into library xil_defaultlib
INFO: [VRFC 10-311] analyzing module extend16to32
INFO: [VRFC 10-2263] Analyzing Verilog file "D:/CPU_design/lab4/lab_4/lab_4.srcs/sources_1/new/noConJUMP.v" into library xil_defaultlib
INFO: [VRFC 10-311] analyzing module noConJUMP
INFO: [VRFC 10-2263] Analyzing Verilog file "D:/CPU_design/lab4/lab_4/lab_4.srcs/sources_1/new/pcadder.v" into library xil_defaultlib
INFO: [VRFC 10-311] analyzing module pcadder
INFO: [VRFC 10-2458] undeclared symbol Cout, assumed default net type wire [D:/CPU_design/lab4/lab_4/lab_4.srcs/sources_1/new/pcadder.v:26]
INFO: [VRFC 10-2263] Analyzing Verilog file "D:/CPU_design/lab4/lab_4/lab_4.srcs/sources_1/new/regfile.v" into library xil_defaultlib
INFO: [VRFC 10-311] analyzing module regfile
INFO: [VRFC 10-2263] Analyzing Verilog file "D:/CPU_design/lab4/lab_4/lab_4.srcs/sources_1/new/sub1.v" into library xil_defaultlib
INFO: [VRFC 10-311] analyzing module sub
INFO: [VRFC 10-2263] Analyzing Verilog file "D:/CPU_design/lab4/lab_4/lab_4.srcs/sim_1/new/cpu_tb.v" into library xil_defaultlib
INFO: [VRFC 10-311] analyzing module cpu_tb
INFO: [VRFC 10-2263] Analyzing Verilog file "D:/CPU_design/lab4/lab_4/lab_4.sim/sim_1/behav/xsim/glbl.v" into library xil_defaultlib
INFO: [VRFC 10-311] analyzing module glbl
INFO: [USF-XSim-69] 'compile' step finished in '3' seconds
INFO: [USF-XSim-3] XSim::Elaborate design
INFO: [USF-XSim-61] Executing 'ELABORATE' step in 'D:/CPU_design/lab4/lab_4/lab_4.sim/sim_1/behav/xsim'
"xelab -wto 7c6f77e13414443cae5ad79d79daad28 --incr --debug typical --relax --mt 2 -L xil_defaultlib -L unisims_ver -L unimacro_ver -L secureip --snapshot cpu_tb_behav xil_defaultlib.cpu_tb xil_defaultlib.glbl -log elaborate.log"
Vivado Simulator 2020.1
Copyright 1986-1999, 2001-2020 Xilinx, Inc. All Rights Reserved.
Running: D:/xilinx/Vivado/2020.1/bin/unwrapped/win64.o/xelab.exe -wto 7c6f77e13414443cae5ad79d79daad28 --incr --debug typical --relax --mt 2 -L xil_defaultlib -L unisims_ver -L unimacro_ver -L secureip --snapshot cpu_tb_behav xil_defaultlib.cpu_tb xil_defaultlib.glbl -log elaborate.log 
Using 2 slave threads.
Starting static elaboration
Pass Through NonSizing Optimizer
WARNING: [VRFC 10-3091] actual bit length 32 differs from formal bit length 1 for port 'Cin' [D:/CPU_design/lab2/add/add.srcs/sources_1/new/add.v:33]
WARNING: [VRFC 10-3091] actual bit length 32 differs from formal bit length 1 for port 'Cin' [D:/CPU_design/lab4/lab_4/lab_4.srcs/sources_1/new/sub1.v:34]
Completed static elaboration
Starting simulation data flow analysis
Completed simulation data flow analysis
Time Resolution for simulation is 1ps
Compiling module xil_defaultlib.adder
Compiling module xil_defaultlib.CLA
Compiling module xil_defaultlib.adder_4
Compiling module xil_defaultlib.CLA_16
Compiling module xil_defaultlib.adder32
Compiling module xil_defaultlib.pcadder
Compiling module xil_defaultlib.extend16to32
Compiling module xil_defaultlib.ConJUMP
Compiling module xil_defaultlib.noConJUMP
Compiling module xil_defaultlib.PC_updater
Compiling module xil_defaultlib.IRAM_top
Compiling module xil_defaultlib.ConUnit
Compiling module xil_defaultlib.MUX2X5
Compiling module xil_defaultlib.add
Compiling module xil_defaultlib.sub
Compiling module xil_defaultlib.AND
Compiling module xil_defaultlib.OR
Compiling module xil_defaultlib.XOR
Compiling module xil_defaultlib.CPU_ALU
Compiling module xil_defaultlib.DRAM_top
Compiling module xil_defaultlib.extend5to32
Compiling module xil_defaultlib.MUX2X32
Compiling module xil_defaultlib.regfile
Compiling module xil_defaultlib.MUX3X32
Compiling module xil_defaultlib.cpu
Compiling module xil_defaultlib.cpu_top
Compiling module xil_defaultlib.cpu_tb
Compiling module xil_defaultlib.glbl
Built simulation snapshot cpu_tb_behav
INFO: [USF-XSim-69] 'elaborate' step finished in '3' seconds
INFO: [USF-XSim-4] XSim::Simulate design
INFO: [USF-XSim-61] Executing 'SIMULATE' step in 'D:/CPU_design/lab4/lab_4/lab_4.sim/sim_1/behav/xsim'
INFO: [USF-XSim-98] *** Running xsim
   with args "cpu_tb_behav -key {Behavioral:sim_1:Functional:cpu_tb} -tclbatch {cpu_tb.tcl} -log {simulate.log}"
INFO: [USF-XSim-8] Loading simulator feature
Vivado Simulator 2020.1
Time resolution is 1 ps
source cpu_tb.tcl
# set curr_wave [current_wave_config]
# if { [string length $curr_wave] == 0 } {
#   if { [llength [get_objects]] > 0} {
#     add_wave /
#     set_property needs_save false [current_wave_config]
#   } else {
#      send_msg_id Add_Wave-1 WARNING "No top level signals found. Simulator will start without a wave window. If you want to open a wave window go to 'File->New Waveform Configuration' or type 'create_wave_config' in the TCL console."
#   }
# }
# run 1000ns
WARNING: File D:\CPU_design\lab_4\lab_4\lab4.data\inst_data.txt referenced on D:/CPU_design/lab4/lab_4/lab_4.srcs/sources_1/new/IRAM_top.v at line 35 cannot be opened for reading. Please ensure that this file is available in the current working directory.
WARNING: File D:\CPU_design\lab_4\lab_4\lab4.data\data_data.txt referenced on D:/CPU_design/lab4/lab_4/lab_4.srcs/sources_1/new/DRAM_top.v at line 34 cannot be opened for reading. Please ensure that this file is available in the current working directory.
WARNING: File D:\CPU_design\lab_4\lab_4\lab4.data\cpu_trace referenced on D:/CPU_design/lab4/lab_4/lab_4.srcs/sources_1/new/cpu_top.v at line 20 cannot be opened for reading. Please ensure that this file is available in the current working directory.
INFO: [USF-XSim-96] XSim completed. Design snapshot 'cpu_tb_behav' loaded.
INFO: [USF-XSim-97] XSim simulation ran for 1000ns
launch_simulation: Time (s): cpu = 00:00:03 ; elapsed = 00:00:09 . Memory (MB): peak = 1035.176 ; gain = 0.000
run all
==============================================================
Test begin!
INFO: [Common 17-41] Interrupt caught. Command should exit soon.
run: Time (s): cpu = 00:00:09 ; elapsed = 00:00:12 . Memory (MB): peak = 1035.176 ; gain = 0.000
INFO: [Common 17-344] 'run' was cancelled
restart
INFO: [Simtcl 6-17] Simulation restarted
run all
WARNING: File D:\CPU_design\lab_4\lab_4\lab4.data\inst_data.txt referenced on D:/CPU_design/lab4/lab_4/lab_4.srcs/sources_1/new/IRAM_top.v at line 35 cannot be opened for reading. Please ensure that this file is available in the current working directory.
WARNING: File D:\CPU_design\lab_4\lab_4\lab4.data\data_data.txt referenced on D:/CPU_design/lab4/lab_4/lab_4.srcs/sources_1/new/DRAM_top.v at line 34 cannot be opened for reading. Please ensure that this file is available in the current working directory.
WARNING: File D:\CPU_design\lab_4\lab_4\lab4.data\cpu_trace referenced on D:/CPU_design/lab4/lab_4/lab_4.srcs/sources_1/new/cpu_top.v at line 20 cannot be opened for reading. Please ensure that this file is available in the current working directory.
==============================================================
Test begin!
INFO: [Common 17-41] Interrupt caught. Command should exit soon.
run: Time (s): cpu = 00:00:07 ; elapsed = 00:00:09 . Memory (MB): peak = 1035.176 ; gain = 0.000
INFO: [Common 17-344] 'run' was cancelled
close_sim
INFO: [Simtcl 6-16] Simulation closed
launch_simulation
Command: launch_simulation 
INFO: [Vivado 12-5682] Launching behavioral simulation in 'D:/CPU_design/lab4/lab_4/lab_4.sim/sim_1/behav/xsim'
INFO: [SIM-utils-51] Simulation object is 'sim_1'
INFO: [SIM-utils-54] Inspecting design source files for 'cpu_tb' in fileset 'sim_1'...
INFO: [USF-XSim-97] Finding global include files...
INFO: [USF-XSim-98] Fetching design files from 'sim_1'...
INFO: [USF-XSim-2] XSim::Compile design
INFO: [USF-XSim-61] Executing 'COMPILE and ANALYZE' step in 'D:/CPU_design/lab4/lab_4/lab_4.sim/sim_1/behav/xsim'
"xvlog --incr --relax -prj cpu_tb_vlog.prj"
INFO: [USF-XSim-69] 'compile' step finished in '1' seconds
INFO: [USF-XSim-3] XSim::Elaborate design
INFO: [USF-XSim-61] Executing 'ELABORATE' step in 'D:/CPU_design/lab4/lab_4/lab_4.sim/sim_1/behav/xsim'
"xelab -wto 7c6f77e13414443cae5ad79d79daad28 --incr --debug typical --relax --mt 2 -L xil_defaultlib -L unisims_ver -L unimacro_ver -L secureip --snapshot cpu_tb_behav xil_defaultlib.cpu_tb xil_defaultlib.glbl -log elaborate.log"
Vivado Simulator 2020.1
Copyright 1986-1999, 2001-2020 Xilinx, Inc. All Rights Reserved.
Running: D:/xilinx/Vivado/2020.1/bin/unwrapped/win64.o/xelab.exe -wto 7c6f77e13414443cae5ad79d79daad28 --incr --debug typical --relax --mt 2 -L xil_defaultlib -L unisims_ver -L unimacro_ver -L secureip --snapshot cpu_tb_behav xil_defaultlib.cpu_tb xil_defaultlib.glbl -log elaborate.log 
Using 2 slave threads.
Starting static elaboration
Pass Through NonSizing Optimizer
WARNING: [VRFC 10-3091] actual bit length 32 differs from formal bit length 1 for port 'Cin' [D:/CPU_design/lab2/add/add.srcs/sources_1/new/add.v:33]
WARNING: [VRFC 10-3091] actual bit length 32 differs from formal bit length 1 for port 'Cin' [D:/CPU_design/lab4/lab_4/lab_4.srcs/sources_1/new/sub1.v:34]
Completed static elaboration
INFO: [XSIM 43-4323] No Change in HDL. Linking previously generated obj files to create kernel
INFO: [USF-XSim-69] 'elaborate' step finished in '1' seconds
INFO: [USF-XSim-4] XSim::Simulate design
INFO: [USF-XSim-61] Executing 'SIMULATE' step in 'D:/CPU_design/lab4/lab_4/lab_4.sim/sim_1/behav/xsim'
INFO: [USF-XSim-98] *** Running xsim
   with args "cpu_tb_behav -key {Behavioral:sim_1:Functional:cpu_tb} -tclbatch {cpu_tb.tcl} -log {simulate.log}"
INFO: [USF-XSim-8] Loading simulator feature
Vivado Simulator 2020.1
Time resolution is 1 ps
source cpu_tb.tcl
# set curr_wave [current_wave_config]
# if { [string length $curr_wave] == 0 } {
#   if { [llength [get_objects]] > 0} {
#     add_wave /
#     set_property needs_save false [current_wave_config]
#   } else {
#      send_msg_id Add_Wave-1 WARNING "No top level signals found. Simulator will start without a wave window. If you want to open a wave window go to 'File->New Waveform Configuration' or type 'create_wave_config' in the TCL console."
#   }
# }
# run 1000ns
WARNING: File D:\CPU_design\lab_4\lab_4\lab4.data\inst_data.txt referenced on D:/CPU_design/lab4/lab_4/lab_4.srcs/sources_1/new/IRAM_top.v at line 35 cannot be opened for reading. Please ensure that this file is available in the current working directory.
WARNING: File D:\CPU_design\lab_4\lab_4\lab4.data\data_data.txt referenced on D:/CPU_design/lab4/lab_4/lab_4.srcs/sources_1/new/DRAM_top.v at line 34 cannot be opened for reading. Please ensure that this file is available in the current working directory.
WARNING: File D:\CPU_design\lab_4\lab_4\lab4.data\cpu_trace referenced on D:/CPU_design/lab4/lab_4/lab_4.srcs/sources_1/new/cpu_top.v at line 20 cannot be opened for reading. Please ensure that this file is available in the current working directory.
INFO: [USF-XSim-96] XSim completed. Design snapshot 'cpu_tb_behav' loaded.
INFO: [USF-XSim-97] XSim simulation ran for 1000ns
run all
==============================================================
Test begin!
INFO: [Common 17-41] Interrupt caught. Command should exit soon.
run: Time (s): cpu = 00:00:09 ; elapsed = 00:00:11 . Memory (MB): peak = 1035.176 ; gain = 0.000
INFO: [Common 17-344] 'run' was cancelled
close_sim
INFO: [Simtcl 6-16] Simulation closed
exit
INFO: [Common 17-206] Exiting Vivado at Fri Sep 15 00:06:36 2023...
