#-----------------------------------------------------------
# Vivado v2019.2 (64-bit)
# SW Build 2708876 on Wed Nov  6 21:40:23 MST 2019
# IP Build 2700528 on Thu Nov  7 00:09:20 MST 2019
# Start of session at: Thu Aug 31 17:58:09 2023
# Process ID: 12456
# Current directory: F:/处理器设计与实践/2023/lab_4/lab_4
# Command line: vivado.exe -gui_launcher_event rodinguilauncherevent35816 F:\处理器设计与实践\2023\lab_4\lab_4\lab_4.xpr
# Log file: F:/处理器设计与实践/2023/lab_4/lab_4/vivado.log
# Journal file: F:/处理器设计与实践/2023/lab_4/lab_4\vivado.jou
#-----------------------------------------------------------
start_gui
open_project F:/处理器设计与实践/2023/lab_4/lab_4/lab_4.xpr
INFO: [Project 1-313] Project file moved from 'E:/Xilinx/vivado_project/lab2/lab_2' since last save.
Scanning sources...
Finished scanning sources
WARNING: [filemgmt 56-2] IPUserFilesDir: Could not find the directory 'F:/处理器设计与实践/2023/lab_4/lab_4/lab_4.ip_user_files', nor could it be found using path 'E:/Xilinx/vivado_project/lab2/lab_2/lab_2.ip_user_files'.
INFO: [IP_Flow 19-234] Refreshing IP repositories
INFO: [IP_Flow 19-1704] No user IP repositories specified
INFO: [IP_Flow 19-2313] Loaded Vivado IP repository 'C:/Xilinx/Vivado/2019.2/data/ip'.
open_project: Time (s): cpu = 00:00:18 ; elapsed = 00:00:09 . Memory (MB): peak = 920.008 ; gain = 248.715
update_compile_order -fileset sources_1
exit
INFO: [Common 17-206] Exiting Vivado at Thu Aug 31 17:59:12 2023...
