#-----------------------------------------------------------
# Vivado v2020.1 (64-bit)
# SW Build 2902540 on Wed May 27 19:54:49 MDT 2020
# IP Build 2902112 on Wed May 27 22:43:36 MDT 2020
# Start of session at: Tue Sep 26 18:22:25 2023
# Process ID: 8684
# Current directory: D:/CPU_design/lab4/lab_4
# Command line: vivado.exe -gui_launcher_event rodinguilauncherevent7428 D:\CPU_design\lab4\lab_4\lab_4.xpr
# Log file: D:/CPU_design/lab4/lab_4/vivado.log
# Journal file: D:/CPU_design/lab4/lab_4\vivado.jou
#-----------------------------------------------------------
start_gui
open_project D:/CPU_design/lab4/lab_4/lab_4.xpr
Scanning sources...
Finished scanning sources
INFO: [IP_Flow 19-234] Refreshing IP repositories
INFO: [IP_Flow 19-170exit
INFO: [Common 17-206] Exiting VivaINFO: [IP_Flow 19-2313] Loaded Vivado IP repository 'D:/xilinx/INFO: [IP_Flow 19-2313] open_project: Time (s): cpu = 00:00:14 ; elapsed = 00:00:32 . Memory (MB): peak = 1011.055 ; gain = 0.000
update_compile_order -fileset sources_1
exit
INFO: [Common 17-206] Exiting Vivado at Tue Sep 26 21:52:30 2023...
s been returned to its previous state.
INFO: [Common 17-344] 'open_project' was cancelled
exit
INFO: [Common 17-206] Exiting Vivado at Tue Sep 26 18:23:10 2023...
