#-----------------------------------------------------------
# Vivado v2020.1 (64-bit)
# SW Build 2902540 on Wed May 27 19:54:49 MDT 2020
# IP Build 2902112 on Wed May 27 22:43:36 MDT 2020
# Start of session at: Thu Sep 14 23:40:28 2023
# Process ID: 14500
# Current directory: D:/CPU_design/lab_4/lab_4
# Command line: vivado.exe -gui_launcher_event rodinguilauncherevent10016 D:\CPU_design\lab_4\lab_4\lab_4.xpr
# Log file: D:/CPU_design/lab_4/lab_4/vivado.log
# Journal file: D:/CPU_design/lab_4/lab_4\vivado.jou
#-----------------------------------------------------------
start_gui
open_project D:/CPU_design/lab_4/lab_4/lab_4.xpr
Scanning sources...
Finished scanning sources
WARNING: [filemgmt 56-3] IPUserFilesDir: Could not find the directory 'D:/CPU_design/lab_4/lab_4/lab_4.ip_user_files'.
INFO: [IP_Flow 19-234] Refreshing IP repositories
INFO: [IP_Flow 19-1704] No user IP repositories specified
INFO: [IP_Flow 19-2313] Loaded Vivado IP repository 'D:/xilinx/Vivado/2020.1/data/ip'.
open_project: Time (s): cpu = 00:00:06 ; elapsed = 00:00:05 . Memory (MB): peak = 1036.242 ; gain = 0.000
update_compile_order -fileset sources_1
add_files {D:/CPU_design/lab_4/lab_4/lab_4.srcs/sources_1/new/pcadder.v D:/CPU_design/lab_4/lab_4/lab_4.srcs/sources_1/new/AND.v D:/CPU_design/lab_4/lab_4/lab_4.srcs/sources_1/new/PC_ALU.v D:/CPU_design/lab_4/lab_4/lab_4.srcs/sources_1/new/OR.v D:/CPU_design/lab_4/lab_4/lab_4.srcs/sources_1/new/DRAM_top.v D:/CPU_design/lab_4/lab_4/lab_4.srcs/sources_1/new/IRAM_top.v D:/CPU_design/lab_4/lab_4/lab_4.srcs/sources_1/new/MUX2X5.v D:/CPU_design/lab_4/lab_4/lab_4.srcs/sources_1/new/CU.v D:/CPU_design/lab_4/lab_4/lab_4.srcs/sources_1/new/XOR.v D:/CPU_design/lab_4/lab_4/lab_4.srcs/sources_1/new/regfile.v D:/CPU_design/lab_4/lab_4/lab_4.srcs/sources_1/new/PC_updater.v D:/CPU_design/lab_4/lab_4/lab_4.srcs/sources_1/new/cpu_top.v D:/CPU_design/lab_4/lab_4/lab_4.srcs/sources_1/new/ConUnit.v D:/CPU_design/lab_4/lab_4/lab_4.srcs/sources_1/new/cpu.v D:/CPU_design/lab_4/lab_4/lab_4.srcs/sources_1/new/entend5to32.v D:/CPU_design/lab_4/lab_4/lab_4.srcs/sources_1/new/extend16to32.v D:/CPU_design/lab_4/lab_4/lab_4.srcs/sources_1/new/MUX2.v D:/CPU_design/lab_4/lab_4/lab_4.srcs/sources_1/new/ConJUMP.v D:/CPU_design/lab_4/lab_4/lab_4.srcs/sources_1/new/MUX4X32.v D:/CPU_design/lab_4/lab_4/lab_4.srcs/sources_1/new/noConJUMP.v}
WARNING: [filemgmt 56-12] File 'D:/CPU_design/lab_4/lab_4/lab_4.srcs/sources_1/new/cpu_top.v' cannot be added to the project because it already exists in the project, skipping this file
update_compile_order -fileset sources_1
set_property is_enabled false [get_files  D:/CPU_design/lab_4/lab_4/lab_4.srcs/sources_1/new/CU.v]
add_files {D:/CPU_design/lab_4/lab_4/lab_4.srcs/sources_1/new/AND.v D:/CPU_design/lab_4/lab_4/lab_4.srcs/sources_1/new/PC_ALU.v D:/CPU_design/lab_4/lab_4/lab_4.srcs/sources_1/new/OR.v D:/CPU_design/lab_4/lab_4/lab_4.srcs/sources_1/new/adder_32.v D:/CPU_design/lab_4/lab_4/lab_4.srcs/sources_1/new/IRAM_top.v D:/CPU_design/lab_4/lab_4/lab_4.srcs/sources_1/new/XOR.v D:/CPU_design/lab_4/lab_4/lab_4.srcs/sources_1/new/regfile.v D:/CPU_design/lab_4/lab_4/lab_4.srcs/sources_1/new/PC_updater.v D:/CPU_design/lab_4/lab_4/lab_4.srcs/sources_1/new/ConUnit.v D:/CPU_design/lab_4/lab_4/lab_4.srcs/sources_1/new/adder.v D:/CPU_design/lab_4/lab_4/lab_4.srcs/sources_1/new/add_c.v D:/CPU_design/lab_4/lab_4/lab_4.srcs/sources_1/new/alu.v D:/CPU_design/lab_4/lab_4/lab_4.srcs/sources_1/new/CLA.v D:/CPU_design/lab_4/lab_4/lab_4.srcs/sources_1/new/ConJUMP.v D:/CPU_design/lab_4/lab_4/lab_4.srcs/sources_1/new/noConJUMP.v D:/CPU_design/lab_4/lab_4/lab_4.srcs/sources_1/new/sub1.v D:/CPU_design/lab_4/lab_4/lab_4.srcs/sources_1/new/pcadder.v D:/CPU_design/lab_4/lab_4/lab_4.srcs/sources_1/new/add_4.v D:/CPU_design/lab_4/lab_4/lab_4.srcs/sources_1/new/XNOR.v D:/CPU_design/lab_4/lab_4/lab_4.srcs/sources_1/new/DRAM_top.v D:/CPU_design/lab_4/lab_4/lab_4.srcs/sources_1/new/MUX2X5.v D:/CPU_design/lab_4/lab_4/lab_4.srcs/sources_1/new/and_not.v D:/CPU_design/lab_4/lab_4/lab_4.srcs/sources_1/new/CLA_16.v D:/CPU_design/lab_4/lab_4/lab_4.srcs/sources_1/new/CU.v D:/CPU_design/lab_4/lab_4/lab_4.srcs/sources_1/new/aandb.v D:/CPU_design/lab_4/lab_4/lab_4.srcs/sources_1/new/cpu_top.v D:/CPU_design/lab_4/lab_4/lab_4.srcs/sources_1/new/cpu.v D:/CPU_design/lab_4/lab_4/lab_4.srcs/sources_1/new/entend5to32.v D:/CPU_design/lab_4/lab_4/lab_4.srcs/sources_1/new/NOT.v D:/CPU_design/lab_4/lab_4/lab_4.srcs/sources_1/new/extend16to32.v D:/CPU_design/lab_4/lab_4/lab_4.srcs/sources_1/new/MUX2.v D:/CPU_design/lab_4/lab_4/lab_4.srcs/sources_1/new/sub1_c.v D:/CPU_design/lab_4/lab_4/lab_4.srcs/sources_1/new/BuMa.v D:/CPU_design/lab_4/lab_4/lab_4.srcs/sources_1/new/MUX4X32.v}
WARNING: [filemgmt 56-12] File 'D:/CPU_design/lab_4/lab_4/lab_4.srcs/sources_1/new/AND.v' cannot be added to the project because it already exists in the project, skipping this file
WARNING: [filemgmt 56-12] File 'D:/CPU_design/lab_4/lab_4/lab_4.srcs/sources_1/new/PC_ALU.v' cannot be added to the project because it already exists in the project, skipping this file
WARNING: [filemgmt 56-12] File 'D:/CPU_design/lab_4/lab_4/lab_4.srcs/sources_1/new/OR.v' cannot be added to the project because it already exists in the project, skipping this file
WARNING: [filemgmt 56-12] File 'D:/CPU_design/lab_4/lab_4/lab_4.srcs/sources_1/new/IRAM_top.v' cannot be added to the project because it already exists in the project, skipping this file
WARNING: [filemgmt 56-12] File 'D:/CPU_design/lab_4/lab_4/lab_4.srcs/sources_1/new/XOR.v' cannot be added to the project because it already exists in the project, skipping this file
WARNING: [filemgmt 56-12] File 'D:/CPU_design/lab_4/lab_4/lab_4.srcs/sources_1/new/regfile.v' cannot be added to the project because it already exists in the project, skipping this file
WARNING: [filemgmt 56-12] File 'D:/CPU_design/lab_4/lab_4/lab_4.srcs/sources_1/new/PC_updater.v' cannot be added to the project because it already exists in the project, skipping this file
WARNING: [filemgmt 56-12] File 'D:/CPU_design/lab_4/lab_4/lab_4.srcs/sources_1/new/ConUnit.v' cannot be added to the project because it already exists in the project, skipping this file
WARNING: [filemgmt 56-12] File 'D:/CPU_design/lab_4/lab_4/lab_4.srcs/sources_1/new/ConJUMP.v' cannot be added to the project because it already exists in the project, skipping this file
WARNING: [filemgmt 56-12] File 'D:/CPU_design/lab_4/lab_4/lab_4.srcs/sources_1/new/noConJUMP.v' cannot be added to the project because it already exists in the project, skipping this file
WARNING: [filemgmt 56-12] File 'D:/CPU_design/lab_4/lab_4/lab_4.srcs/sources_1/new/pcadder.v' cannot be added to the project because it already exists in the project, skipping this file
WARNING: [filemgmt 56-12] File 'D:/CPU_design/lab_4/lab_4/lab_4.srcs/sources_1/new/DRAM_top.v' cannot be added to the project because it already exists in the project, skipping this file
WARNING: [filemgmt 56-12] File 'D:/CPU_design/lab_4/lab_4/lab_4.srcs/sources_1/new/MUX2X5.v' cannot be added to the project because it already exists in the project, skipping this file
WARNING: [filemgmt 56-12] File 'D:/CPU_design/lab_4/lab_4/lab_4.srcs/sources_1/new/CU.v' cannot be added to the project because it already exists in the project, skipping this file
WARNING: [filemgmt 56-12] File 'D:/CPU_design/lab_4/lab_4/lab_4.srcs/sources_1/new/cpu_top.v' cannot be added to the project because it already exists in the project, skipping this file
WARNING: [filemgmt 56-12] File 'D:/CPU_design/lab_4/lab_4/lab_4.srcs/sources_1/new/cpu.v' cannot be added to the project because it already exists in the project, skipping this file
WARNING: [filemgmt 56-12] File 'D:/CPU_design/lab_4/lab_4/lab_4.srcs/sources_1/new/entend5to32.v' cannot be added to the project because it already exists in the project, skipping this file
WARNING: [filemgmt 56-12] File 'D:/CPU_design/lab_4/lab_4/lab_4.srcs/sources_1/new/extend16to32.v' cannot be added to the project because it already exists in the project, skipping this file
WARNING: [filemgmt 56-12] File 'D:/CPU_design/lab_4/lab_4/lab_4.srcs/sources_1/new/MUX2.v' cannot be added to the project because it already exists in the project, skipping this file
WARNING: [filemgmt 56-12] File 'D:/CPU_design/lab_4/lab_4/lab_4.srcs/sources_1/new/MUX4X32.v' cannot be added to the project because it already exists in the project, skipping this file
update_compile_order -fileset sources_1
add_files -norecurse D:/CPU_design/lab_4/lab_4/lab_4.srcs/sources_1/new/adder.v
WARNING: [filemgmt 56-12] File 'D:/CPU_design/lab_4/lab_4/lab_4.srcs/sources_1/new/adder.v' cannot be added to the project because it already exists in the project, skipping this file
export_ip_user_files -of_objects  [get_files D:/CPU_design/lab_4/lab_4/lab_4.srcs/sources_1/new/aandb.v] -no_script -reset -force -quiet
remove_files  D:/CPU_design/lab_4/lab_4/lab_4.srcs/sources_1/new/aandb.v
add_files -norecurse {D:/CPU_design/lab2/add/add.srcs/sources_1/new/add.v D:/CPU_design/lab2/add/add.srcs/sources_1/new/add_32.v}
update_compile_order -fileset sources_1
export_ip_user_files -of_objects  [get_files D:/CPU_design/lab_4/lab_4/lab_4.srcs/sources_1/new/alu.v] -no_script -reset -force -quiet
remove_files  D:/CPU_design/lab_4/lab_4/lab_4.srcs/sources_1/new/alu.v
export_ip_user_files -of_objects  [get_files D:/CPU_design/lab_4/lab_4/lab_4.srcs/sources_1/new/BuMa.v] -no_script -reset -force -quiet
remove_files  D:/CPU_design/lab_4/lab_4/lab_4.srcs/sources_1/new/BuMa.v
export_ip_user_files -of_objects  [get_files D:/CPU_design/lab_4/lab_4/lab_4.srcs/sources_1/new/add_c.v] -no_script -reset -force -quiet
remove_files  D:/CPU_design/lab_4/lab_4/lab_4.srcs/sources_1/new/add_c.v
export_ip_user_files -of_objects  [get_files D:/CPU_design/lab_4/lab_4/lab_4.srcs/sources_1/new/sub1_c.v] -no_script -reset -force -quiet
remove_files  D:/CPU_design/lab_4/lab_4/lab_4.srcs/sources_1/new/sub1_c.v
export_ip_user_files -of_objects  [get_files D:/CPU_design/lab_4/lab_4/lab_4.srcs/sources_1/new/NOT.v] -no_script -reset -force -quiet
remove_files  D:/CPU_design/lab_4/lab_4/lab_4.srcs/sources_1/new/NOT.v
export_ip_user_files -of_objects  [get_files D:/CPU_design/lab_4/lab_4/lab_4.srcs/sources_1/new/XNOR.v] -no_script -reset -force -quiet
remove_files  D:/CPU_design/lab_4/lab_4/lab_4.srcs/sources_1/new/XNOR.v
export_ip_user_files -of_objects  [get_files D:/CPU_design/lab2/add/add.srcs/sources_1/new/add_32.v] -no_script -reset -force -quiet
remove_files  D:/CPU_design/lab2/add/add.srcs/sources_1/new/add_32.v
export_ip_user_files -of_objects  [get_files D:/CPU_design/lab_4/lab_4/lab_4.srcs/sources_1/new/and_not.v] -no_script -reset -force -quiet
remove_files  D:/CPU_design/lab_4/lab_4/lab_4.srcs/sources_1/new/and_not.v
set_property SOURCE_SET sources_1 [get_filesets sim_1]
add_files -fileset sim_1 D:/CPU_design/lab2/add/add.srcs/sim_1/new/add_tb.v
update_compile_order -fileset sim_1
export_ip_user_files -of_objects  [get_files D:/CPU_design/lab2/add/add.srcs/sim_1/new/add_tb.v] -no_script -reset -force -quiet
remove_files  -fileset sim_1 D:/CPU_design/lab2/add/add.srcs/sim_1/new/add_tb.v
launch_simulation
Command: launch_simulation 
INFO: [Vivado 12-5682] Launching behavioral simulation in 'D:/CPU_design/lab_4/lab_4/lab_4.sim/sim_1/behav/xsim'
INFO: [SIM-utils-51] Simulation object is 'sim_1'
INFO: [SIM-utils-54] Inspecting design source files for 'cpu_tb' in fileset 'sim_1'...
INFO: [USF-XSim-97] Finding global include files...
INFO: [USF-XSim-98] Fetching design files from 'sim_1'...
INFO: [USF-XSim-2] XSim::Compile design
INFO: [USF-XSim-61] Executing 'COMPILE and ANALYZE' step in 'D:/CPU_design/lab_4/lab_4/lab_4.sim/sim_1/behav/xsim'
"xvlog --incr --relax -prj cpu_tb_vlog.prj"
INFO: [VRFC 10-2263] Analyzing Verilog file "D:/CPU_design/lab_4/lab_4/lab_4.srcs/sources_1/new/AND.v" into library xil_defaultlib
INFO: [VRFC 10-311] analyzing module AND
INFO: [VRFC 10-2263] Analyzing Verilog file "D:/CPU_design/lab_4/lab_4/lab_4.srcs/sources_1/new/CLA.v" into library xil_defaultlib
INFO: [VRFC 10-311] analyzing module CLA
INFO: [VRFC 10-2263] Analyzing Verilog file "D:/CPU_design/lab_4/lab_4/lab_4.srcs/sources_1/new/CLA_16.v" into library xil_defaultlib
INFO: [VRFC 10-311] analyzing module CLA_16
INFO: [VRFC 10-2263] Analyzing Verilog file "D:/CPU_design/lab_4/lab_4/lab_4.srcs/sources_1/new/ConJUMP.v" into library xil_defaultlib
INFO: [VRFC 10-311] analyzing module ConJUMP
INFO: [VRFC 10-2263] Analyzing Verilog file "D:/CPU_design/lab_4/lab_4/lab_4.srcs/sources_1/new/ConUnit.v" into library xil_defaultlib
INFO: [VRFC 10-311] analyzing module ConUnit
INFO: [VRFC 10-2263] Analyzing Verilog file "D:/CPU_design/lab_4/lab_4/lab_4.srcs/sources_1/new/DRAM_top.v" into library xil_defaultlib
INFO: [VRFC 10-311] analyzing module DRAM_top
INFO: [VRFC 10-2263] Analyzing Verilog file "D:/CPU_design/lab_4/lab_4/lab_4.srcs/sources_1/new/IRAM_top.v" into library xil_defaultlib
INFO: [VRFC 10-311] analyzing module IRAM_top
INFO: [VRFC 10-2263] Analyzing Verilog file "D:/CPU_design/lab_4/lab_4/lab_4.srcs/sources_1/new/MUX2.v" into library xil_defaultlib
INFO: [VRFC 10-311] analyzing module MUX2X32
INFO: [VRFC 10-2263] Analyzing Verilog file "D:/CPU_design/lab_4/lab_4/lab_4.srcs/sources_1/new/MUX2X5.v" into library xil_defaultlib
INFO: [VRFC 10-311] analyzing module MUX2X5
INFO: [VRFC 10-2263] Analyzing Verilog file "D:/CPU_design/lab_4/lab_4/lab_4.srcs/sources_1/new/MUX4X32.v" into library xil_defaultlib
INFO: [VRFC 10-311] analyzing module MUX3X32
INFO: [VRFC 10-2263] Analyzing Verilog file "D:/CPU_design/lab_4/lab_4/lab_4.srcs/sources_1/new/OR.v" into library xil_defaultlib
INFO: [VRFC 10-311] analyzing module OR
INFO: [VRFC 10-2263] Analyzing Verilog file "D:/CPU_design/lab_4/lab_4/lab_4.srcs/sources_1/new/PC_ALU.v" into library xil_defaultlib
INFO: [VRFC 10-311] analyzing module CPU_ALU
INFO: [VRFC 10-2263] Analyzing Verilog file "D:/CPU_design/lab_4/lab_4/lab_4.srcs/sources_1/new/PC_updater.v" into library xil_defaultlib
INFO: [VRFC 10-311] analyzing module PC_updater
INFO: [VRFC 10-2263] Analyzing Verilog file "D:/CPU_design/lab_4/lab_4/lab_4.srcs/sources_1/new/XOR.v" into library xil_defaultlib
INFO: [VRFC 10-311] analyzing module XOR
INFO: [VRFC 10-2263] Analyzing Verilog file "D:/CPU_design/lab2/add/add.srcs/sources_1/new/add.v" into library xil_defaultlib
INFO: [VRFC 10-311] analyzing module add
INFO: [VRFC 10-2263] Analyzing Verilog file "D:/CPU_design/lab_4/lab_4/lab_4.srcs/sources_1/new/add_4.v" into library xil_defaultlib
INFO: [VRFC 10-311] analyzing module adder_4
INFO: [VRFC 10-2263] Analyzing Verilog file "D:/CPU_design/lab_4/lab_4/lab_4.srcs/sources_1/new/adder.v" into library xil_defaultlib
INFO: [VRFC 10-311] analyzing module adder
INFO: [VRFC 10-2263] Analyzing Verilog file "D:/CPU_design/lab_4/lab_4/lab_4.srcs/sources_1/new/adder_32.v" into library xil_defaultlib
INFO: [VRFC 10-311] analyzing module adder32
INFO: [VRFC 10-2263] Analyzing Verilog file "D:/CPU_design/lab_4/lab_4/lab_4.srcs/sources_1/new/cpu.v" into library xil_defaultlib
INFO: [VRFC 10-311] analyzing module cpu
INFO: [VRFC 10-2263] Analyzing Verilog file "D:/CPU_design/lab_4/lab_4/lab_4.srcs/sources_1/new/cpu_top.v" into library xil_defaultlib
INFO: [VRFC 10-311] analyzing module cpu_top
INFO: [VRFC 10-2263] Analyzing Verilog file "D:/CPU_design/lab_4/lab_4/lab_4.srcs/sources_1/new/entend5to32.v" into library xil_defaultlib
INFO: [VRFC 10-311] analyzing module extend5to32
INFO: [VRFC 10-2263] Analyzing Verilog file "D:/CPU_design/lab_4/lab_4/lab_4.srcs/sources_1/new/extend16to32.v" into library xil_defaultlib
INFO: [VRFC 10-311] analyzing module extend16to32
INFO: [VRFC 10-2263] Analyzing Verilog file "D:/CPU_design/lab_4/lab_4/lab_4.srcs/sources_1/new/noConJUMP.v" into library xil_defaultlib
INFO: [VRFC 10-311] analyzing module noConJUMP
INFO: [VRFC 10-2263] Analyzing Verilog file "D:/CPU_design/lab_4/lab_4/lab_4.srcs/sources_1/new/pcadder.v" into library xil_defaultlib
INFO: [VRFC 10-311] analyzing module pcadder
INFO: [VRFC 10-2458] undeclared symbol Cout, assumed default net type wire [D:/CPU_design/lab_4/lab_4/lab_4.srcs/sources_1/new/pcadder.v:26]
INFO: [VRFC 10-2263] Analyzing Verilog file "D:/CPU_design/lab_4/lab_4/lab_4.srcs/sources_1/new/regfile.v" into library xil_defaultlib
INFO: [VRFC 10-311] analyzing module regfile
INFO: [VRFC 10-2263] Analyzing Verilog file "D:/CPU_design/lab_4/lab_4/lab_4.srcs/sources_1/new/sub1.v" into library xil_defaultlib
INFO: [VRFC 10-311] analyzing module sub
INFO: [VRFC 10-2263] Analyzing Verilog file "D:/CPU_design/lab_4/lab_4/lab_4.srcs/sim_1/new/cpu_tb.v" into library xil_defaultlib
INFO: [VRFC 10-311] analyzing module cpu_tb
INFO: [VRFC 10-2263] Analyzing Verilog file "D:/CPU_design/lab_4/lab_4/lab_4.sim/sim_1/behav/xsim/glbl.v" into library xil_defaultlib
INFO: [VRFC 10-311] analyzing module glbl
INFO: [USF-XSim-69] 'compile' step finished in '3' seconds
INFO: [USF-XSim-3] XSim::Elaborate design
INFO: [USF-XSim-61] Executing 'ELABORATE' step in 'D:/CPU_design/lab_4/lab_4/lab_4.sim/sim_1/behav/xsim'
"xelab -wto 7c6f77e13414443cae5ad79d79daad28 --incr --debug typical --relax --mt 2 -L xil_defaultlib -L unisims_ver -L unimacro_ver -L secureip --snapshot cpu_tb_behav xil_defaultlib.cpu_tb xil_defaultlib.glbl -log elaborate.log"
Vivado Simulator 2020.1
Copyright 1986-1999, 2001-2020 Xilinx, Inc. All Rights Reserved.
Running: D:/xilinx/Vivado/2020.1/bin/unwrapped/win64.o/xelab.exe -wto 7c6f77e13414443cae5ad79d79daad28 --incr --debug typical --relax --mt 2 -L xil_defaultlib -L unisims_ver -L unimacro_ver -L secureip --snapshot cpu_tb_behav xil_defaultlib.cpu_tb xil_defaultlib.glbl -log elaborate.log 
Using 2 slave threads.
Starting static elaboration
Pass Through NonSizing Optimizer
WARNING: [VRFC 10-3091] actual bit length 32 differs from formal bit length 1 for port 'Cin' [D:/CPU_design/lab2/add/add.srcs/sources_1/new/add.v:33]
WARNING: [VRFC 10-3091] actual bit length 32 differs from formal bit length 1 for port 'Cin' [D:/CPU_design/lab_4/lab_4/lab_4.srcs/sources_1/new/sub1.v:34]
Completed static elaboration
Starting simulation data flow analysis
Completed simulation data flow analysis
Time Resolution for simulation is 1ps
Compiling module xil_defaultlib.adder
Compiling module xil_defaultlib.CLA
Compiling module xil_defaultlib.adder_4
Compiling module xil_defaultlib.CLA_16
Compiling module xil_defaultlib.adder32
Compiling module xil_defaultlib.pcadder
Compiling module xil_defaultlib.extend16to32
Compiling module xil_defaultlib.ConJUMP
Compiling module xil_defaultlib.noConJUMP
Compiling module xil_defaultlib.PC_updater
Compiling module xil_defaultlib.IRAM_top
Compiling module xil_defaultlib.ConUnit
Compiling module xil_defaultlib.MUX2X5
Compiling module xil_defaultlib.add
Compiling module xil_defaultlib.sub
Compiling module xil_defaultlib.AND
Compiling module xil_defaultlib.OR
Compiling module xil_defaultlib.XOR
Compiling module xil_defaultlib.CPU_ALU
Compiling module xil_defaultlib.DRAM_top
Compiling module xil_defaultlib.extend5to32
Compiling module xil_defaultlib.MUX2X32
Compiling module xil_defaultlib.regfile
Compiling module xil_defaultlib.MUX3X32
Compiling module xil_defaultlib.cpu
Compiling module xil_defaultlib.cpu_top
Compiling module xil_defaultlib.cpu_tb
Compiling module xil_defaultlib.glbl
Built simulation snapshot cpu_tb_behav

****** Webtalk v2020.1 (64-bit)
  **** SW Build 2902540 on Wed May 27 19:54:49 MDT 2020
  **** IP Build 2902112 on Wed May 27 22:43:36 MDT 2020
    ** Copyright 1986-2020 Xilinx, Inc. All Rights Reserved.

source D:/CPU_design/lab_4/lab_4/lab_4.sim/sim_1/behav/xsim/xsim.dir/cpu_tb_behav/webtalk/xsim_webtalk.tcl -notrace
INFO: [Common 17-206] Exiting Webtalk at Thu Sep 14 23:51:02 2023...
run_program: Time (s): cpu = 00:00:01 ; elapsed = 00:00:08 . Memory (MB): peak = 1036.242 ; gain = 0.000
INFO: [USF-XSim-69] 'elaborate' step finished in '8' seconds
INFO: [USF-XSim-4] XSim::Simulate design
INFO: [USF-XSim-61] Executing 'SIMULATE' step in 'D:/CPU_design/lab_4/lab_4/lab_4.sim/sim_1/behav/xsim'
INFO: [USF-XSim-98] *** Running xsim
   with args "cpu_tb_behav -key {Behavioral:sim_1:Functional:cpu_tb} -tclbatch {cpu_tb.tcl} -log {simulate.log}"
INFO: [USF-XSim-8] Loading simulator feature
Vivado Simulator 2020.1
Time resolution is 1 ps
source cpu_tb.tcl
# set curr_wave [current_wave_config]
# if { [string length $curr_wave] == 0 } {
#   if { [llength [get_objects]] > 0} {
#     add_wave /
#     set_property needs_save false [current_wave_config]
#   } else {
#      send_msg_id Add_Wave-1 WARNING "No top level signals found. Simulator will start without a wave window. If you want to open a wave window go to 'File->New Waveform Configuration' or type 'create_wave_config' in the TCL console."
#   }
# }
# run 1000ns
WARNING: Too many words specified in data file D:\CPU_design\lab_4\lab_4\lab4.data\cpu_trace
INFO: [USF-XSim-96] XSim completed. Design snapshot 'cpu_tb_behav' loaded.
INFO: [USF-XSim-97] XSim simulation ran for 1000ns
launch_simulation: Time (s): cpu = 00:00:02 ; elapsed = 00:00:14 . Memory (MB): peak = 1051.863 ; gain = 15.621
run all
==============================================================
Test begin!
    ----PASS!!!
Test end!
==============================================================
$finish called at time : 2720 ns : File "D:/CPU_design/lab_4/lab_4/lab_4.srcs/sources_1/new/cpu_top.v" Line 64
close_sim
INFO: [Simtcl 6-16] Simulation closed
close_sim: Time (s): cpu = 00:00:00 ; elapsed = 00:00:05 . Memory (MB): peak = 1051.863 ; gain = 0.000
exit
INFO: [Common 17-206] Exiting Vivado at Thu Sep 14 23:54:50 2023...
