#-----------------------------------------------------------
# Vivado v2020.1 (64-bit)
# SW Build 2902540 on Wed May 27 19:54:49 MDT 2020
# IP Build 2902112 on Wed May 27 22:43:36 MDT 2020
# Start of session at: Sat Oct  7 18:33:01 2023
# Process ID: 4608
# Current directory: D:/CPU_design/labcopy/lab/lab_1
# Command line: vivado.exe -gui_launcher_event rodinguilauncherevent2320 D:\CPU_design\labcopy\lab\lab_1\lab_1.xpr
# Log file: D:/CPU_design/labcopy/lab/lab_1/vivado.log
# Journal file: D:/CPU_design/labcopy/lab/lab_1\vivado.jou
#-----------------------------------------------------------
start_gui
open_project D:/CPU_design/labcopy/lab/lab_1/lab_1.xpr
Scanning sources...
Finished scanning sources
INFO: [IP_Flow 19-234] Refreshing IP repositories
INFO: [IP_Flow 19-1704] No user IP repositories specified
INFO: [IP_Flow 19-2313] Loaded Vivado IP repository 'D:/xilinx/Vivado/2020.1/data/ip'.
open_project: Time (s): cpu = 00:00:04 ; elapsed = 00:00:05 . Memory (MB): peak = 1036.422 ; gain = 0.000
update_compile_order -fileset sources_1
close [ open D:/CPU_design/labcopy/lab/lab_1/lab_1.srcs/sources_1/new/IF_ID.v w ]
add_files D:/CPU_design/labcopy/lab/lab_1/lab_1.srcs/sources_1/new/IF_ID.v
update_compile_order -fileset sources_1
close [ open D:/CPU_design/labcopy/lab/lab_1/lab_1.srcs/sources_1/new/ID_EX.v w ]
add_files D:/CPU_design/labcopy/lab/lab_1/lab_1.srcs/sources_1/new/ID_EX.v
update_compile_order -fileset sources_1
close [ open D:/CPU_design/labcopy/lab/lab_1/lab_1.srcs/sources_1/new/EX_MEM.v w ]
add_files D:/CPU_design/labcopy/lab/lab_1/lab_1.srcs/sources_1/new/EX_MEM.v
update_compile_order -fileset sources_1
close [ open D:/CPU_design/labcopy/lab/lab_1/lab_1.srcs/sources_1/new/MEM_WB.v w ]
add_files D:/CPU_design/labcopy/lab/lab_1/lab_1.srcs/sources_1/new/MEM_WB.v
update_compile_order -fileset sources_1
exit
INFO: [Common 17-206] Exiting Vivado at Sat Oct  7 20:49:19 2023...
